22:22:52.771 [main] INFO  testCases.TC001_AccountRegistrationTest - Clicked on MyAccount Link
22:22:54.421 [main] INFO  testCases.TC001_AccountRegistrationTest - Clicked on Register Link
22:22:54.422 [main] INFO  testCases.TC001_AccountRegistrationTest - Providing customer details
22:22:56.037 [main] INFO  testCases.TC001_AccountRegistrationTest - Accepting Privacy Policy
22:22:56.379 [main] INFO  testCases.TC001_AccountRegistrationTest - Clicked on Continue button
22:22:57.985 [main] INFO  testCases.TC001_AccountRegistrationTest - Validating expected message
22:22:58.154 [main] INFO  testCases.TC001_AccountRegistrationTest - ***** Finished TC001_AccountRegistrationTest *****
22:23:05.195 [main] INFO  testCases.TC002_LoginTest - ***** Starting TC002_LoginTest *****
22:23:05.197 [main] INFO  testCases.TC002_LoginTest - Click on My Account link
22:23:05.820 [main] INFO  testCases.TC002_LoginTest - Click on Login link
22:23:06.755 [main] INFO  testCases.TC002_LoginTest - Fill in email and password
22:23:07.749 [main] INFO  testCases.TC002_LoginTest - Click on Login button
22:23:09.408 [main] INFO  testCases.TC002_LoginTest - Verify user is on the My Account page
22:23:09.546 [main] INFO  testCases.TC002_LoginTest - ***** Finished TC002_LoginTest *****
23:27:35.615 [main] INFO  org.testng.internal.Utils - [TestNG] Running:
  C:\Automation\myworkspaces\SeleniumWebDriver\OpencartV121\grid-docker.xml

23:27:54.955 [main] INFO  testCases.TC001_AccountRegistrationTest - ***** Starting TC001_AccountRegistrationTest *****
23:27:56.667 [main] INFO  testCases.TC001_AccountRegistrationTest - Clicked on MyAccount Link
23:27:59.466 [main] INFO  testCases.TC001_AccountRegistrationTest - Clicked on Register Link
23:27:59.466 [main] INFO  testCases.TC001_AccountRegistrationTest - Providing customer details
23:28:01.679 [main] INFO  testCases.TC001_AccountRegistrationTest - Accepting Privacy Policy
23:28:02.131 [main] INFO  testCases.TC001_AccountRegistrationTest - Clicked on Continue button
23:28:04.483 [main] INFO  testCases.TC001_AccountRegistrationTest - Validating expected message
23:28:04.656 [main] INFO  testCases.TC001_AccountRegistrationTest - ***** Finished TC001_AccountRegistrationTest *****
23:28:10.958 [main] INFO  testCases.TC002_LoginTest - ***** Starting TC002_LoginTest *****
23:28:10.959 [main] INFO  testCases.TC002_LoginTest - Click on My Account link
23:28:12.470 [main] INFO  testCases.TC002_LoginTest - Click on Login link
23:28:13.481 [main] INFO  testCases.TC002_LoginTest - Fill in email and password
23:28:14.864 [main] INFO  testCases.TC002_LoginTest - Click on Login button
23:28:17.306 [main] INFO  testCases.TC002_LoginTest - Verify user is on the My Account page
23:28:18.333 [main] INFO  testCases.TC002_LoginTest - ***** Finished TC002_LoginTest *****
23:28:47.101 [main] INFO  testCases.TC001_AccountRegistrationTest - ***** Starting TC001_AccountRegistrationTest *****
23:28:48.441 [main] INFO  testCases.TC001_AccountRegistrationTest - Clicked on MyAccount Link
23:28:50.578 [main] INFO  testCases.TC001_AccountRegistrationTest - Clicked on Register Link
23:28:50.578 [main] INFO  testCases.TC001_AccountRegistrationTest - Providing customer details
23:28:53.164 [main] INFO  testCases.TC001_AccountRegistrationTest - Accepting Privacy Policy
23:28:53.517 [main] INFO  testCases.TC001_AccountRegistrationTest - Clicked on Continue button
23:28:55.043 [main] INFO  testCases.TC001_AccountRegistrationTest - Validating expected message
23:28:55.139 [main] INFO  testCases.TC001_AccountRegistrationTest - ***** Finished TC001_AccountRegistrationTest *****
23:29:06.967 [main] INFO  testCases.TC002_LoginTest - ***** Starting TC002_LoginTest *****
23:29:06.968 [main] INFO  testCases.TC002_LoginTest - Click on My Account link
23:29:07.774 [main] INFO  testCases.TC002_LoginTest - Click on Login link
23:29:08.542 [main] INFO  testCases.TC002_LoginTest - Fill in email and password
23:29:09.360 [main] INFO  testCases.TC002_LoginTest - Click on Login button
23:29:11.023 [main] INFO  testCases.TC002_LoginTest - Verify user is on the My Account page
23:29:11.228 [main] INFO  testCases.TC002_LoginTest - ***** Finished TC002_LoginTest *****
23:29:31.732 [main] INFO  testCases.TC001_AccountRegistrationTest - ***** Starting TC001_AccountRegistrationTest *****
23:29:32.276 [main] INFO  testCases.TC001_AccountRegistrationTest - Clicked on MyAccount Link
23:29:37.734 [main] INFO  testCases.TC001_AccountRegistrationTest - Clicked on Register Link
23:29:37.735 [main] INFO  testCases.TC001_AccountRegistrationTest - Providing customer details
23:29:40.423 [main] INFO  testCases.TC001_AccountRegistrationTest - Accepting Privacy Policy
23:29:40.763 [main] INFO  testCases.TC001_AccountRegistrationTest - Clicked on Continue button
23:29:42.470 [main] INFO  testCases.TC001_AccountRegistrationTest - Validating expected message
23:29:42.574 [main] INFO  testCases.TC001_AccountRegistrationTest - ***** Finished TC001_AccountRegistrationTest *****
