00:23:56.614 [main] INFO  testCases.TC001_AccountRegistrationTest - Providing customer details
00:23:57.561 [main] INFO  testCases.TC001_AccountRegistrationTest - Accepting Privacy Policy
00:23:57.700 [main] INFO  testCases.TC001_AccountRegistrationTest - Clicked on Continue button
00:23:59.042 [main] INFO  testCases.TC001_AccountRegistrationTest - Validating expected message
00:23:59.146 [main] INFO  testCases.TC001_AccountRegistrationTest - ***** Finished TC001_AccountRegistrationTest *****
00:24:04.162 [main] INFO  testCases.TC002_LoginTest - ***** Starting TC002_LoginTest *****
00:24:04.164 [main] INFO  testCases.TC002_LoginTest - Click on My Account link
00:24:04.915 [main] INFO  testCases.TC002_LoginTest - Click on Login link
00:24:05.581 [main] INFO  testCases.TC002_LoginTest - Fill in email and password
00:24:05.960 [main] INFO  testCases.TC002_LoginTest - Click on Login button
00:24:07.275 [main] INFO  testCases.TC002_LoginTest - Verify user is on the My Account page
00:24:07.339 [main] INFO  testCases.TC002_LoginTest - ***** Finished TC002_LoginTest *****
00:30:44.448 [main] INFO  org.testng.internal.Utils - [TestNG] Running:
  C:\Automation\myworkspaces\SeleniumWebDriver\OpencartV121\crossBrowserTest.xml

00:30:55.653 [TestNG-tests-2] INFO  testCases.TC001_AccountRegistrationTest - ***** Starting TC001_AccountRegistrationTest *****
00:30:55.653 [TestNG-tests-1] INFO  testCases.TC001_AccountRegistrationTest - ***** Starting TC001_AccountRegistrationTest *****
00:30:56.123 [TestNG-tests-1] INFO  testCases.TC001_AccountRegistrationTest - Clicked on MyAccount Link
00:30:56.234 [TestNG-tests-2] INFO  testCases.TC001_AccountRegistrationTest - Clicked on MyAccount Link
00:31:06.377 [TestNG-tests-1] ERROR testCases.TC001_AccountRegistrationTest - Test Failed: element not interactable
  (Session info: chrome=137.0.7151.41)
Build info: version: '4.33.0', revision: '2c6aaad03a'
System info: os.name: 'Windows 10', os.arch: 'amd64', os.version: '10.0', java.version: '24'
Driver info: org.openqa.selenium.remote.RemoteWebDriver
Command: [7aa18ad017faf82d6d0d3d5bb80ba7fa, clickElement {id=f.6DB6E74B0939DD1DB23A368B04984189.d.751479DBB1CB396836DDAD8F2CF9E047.e.117}]
Capabilities {acceptInsecureCerts: false, browserName: chrome, browserVersion: 137.0.7151.41, chrome: {chromedriverVersion: 137.0.7151.55 (254bc711794d..., userDataDir: C:\Users\piet_\AppData\Loca...}, fedcm:accounts: true, goog:chromeOptions: {debuggerAddress: localhost:50245}, networkConnectionEnabled: false, pageLoadStrategy: normal, platformName: Windows 10, proxy: Proxy(), se:bidiEnabled: false, se:cdp: ws://192.168.1.11:4444/sess..., se:cdpVersion: 137.0.7151.41, setWindowRect: true, strictFileInteractability: false, timeouts: {implicit: 0, pageLoad: 300000, script: 30000}, unhandledPromptBehavior: dismiss and notify, webauthn:extension:credBlob: true, webauthn:extension:largeBlob: true, webauthn:extension:minPinLength: true, webauthn:extension:prf: true, webauthn:virtualAuthenticators: true}
Element: [[RemoteWebDriver: chrome on Windows 10 (7aa18ad017faf82d6d0d3d5bb80ba7fa)] -> xpath: //a[normalize-space()='Register']]
Session ID: 7aa18ad017faf82d6d0d3d5bb80ba7fa
00:31:16.400 [TestNG-tests-2] ERROR testCases.TC001_AccountRegistrationTest - Test Failed: element not interactable
  (Session info: chrome=137.0.7151.41)
Build info: version: '4.33.0', revision: '2c6aaad03a'
System info: os.name: 'Windows 10', os.arch: 'amd64', os.version: '10.0', java.version: '24'
Driver info: org.openqa.selenium.remote.RemoteWebDriver
Command: [7aa18ad017faf82d6d0d3d5bb80ba7fa, clickElement {id=f.6DB6E74B0939DD1DB23A368B04984189.d.751479DBB1CB396836DDAD8F2CF9E047.e.117}]
Capabilities {acceptInsecureCerts: false, browserName: chrome, browserVersion: 137.0.7151.41, chrome: {chromedriverVersion: 137.0.7151.55 (254bc711794d..., userDataDir: C:\Users\piet_\AppData\Loca...}, fedcm:accounts: true, goog:chromeOptions: {debuggerAddress: localhost:50245}, networkConnectionEnabled: false, pageLoadStrategy: normal, platformName: Windows 10, proxy: Proxy(), se:bidiEnabled: false, se:cdp: ws://192.168.1.11:4444/sess..., se:cdpVersion: 137.0.7151.41, setWindowRect: true, strictFileInteractability: false, timeouts: {implicit: 0, pageLoad: 300000, script: 30000}, unhandledPromptBehavior: dismiss and notify, webauthn:extension:credBlob: true, webauthn:extension:largeBlob: true, webauthn:extension:minPinLength: true, webauthn:extension:prf: true, webauthn:virtualAuthenticators: true}
Element: [[RemoteWebDriver: chrome on Windows 10 (7aa18ad017faf82d6d0d3d5bb80ba7fa)] -> xpath: //a[normalize-space()='Register']]
Session ID: 7aa18ad017faf82d6d0d3d5bb80ba7fa
00:36:23.309 [main] INFO  org.testng.internal.Utils - [TestNG] Running:
  C:\Automation\myworkspaces\SeleniumWebDriver\OpencartV121\master.xml

00:36:30.651 [main] INFO  testCases.TC001_AccountRegistrationTest - ***** Starting TC001_AccountRegistrationTest *****
00:36:31.075 [main] INFO  testCases.TC001_AccountRegistrationTest - Clicked on MyAccount Link
